android/app/build/outputs/logs/manifest-merger-debug-report.txt
-- Merging decision tree log ---
manifest
ADDED from src\main\AndroidManifest.xml:1:1-30:12
INJECTED from src\main\AndroidManifest.xml:1:1-30:12
INJECTED from src\main\AndroidManifest.xml:1:1-30:12
INJECTED from src\main\AndroidManifest.xml:1:1-30:12
MERGED from [com.android.support:multidex:1.0.3] AndroidManifest.xml:17:1-22:12
MERGED from [:react-native-navigation] AndroidManifest.xml:2:1-17:12
MERGED from [:react-native-mauron85-background-geolocation] AndroidManifest.xml:20:1-86:12
MERGED from [:react-native-mauron85-background-geolocation-common] AndroidManifest.xml:20:1-84:12
MERGED from [:react-native-vector-icons] AndroidManifest.xml:2:1-11:12
MERGED from [:react-native-open-settings] AndroidManifest.xml:2:1-11:12
MERGED from [com.facebook.react:react-native:0.58.5] AndroidManifest.xml:2:1-15:12
MERGED from [com.github.wix-playground:ahbottomnavigation:2.4.8] AndroidManifest.xml:2:1-13:12
MERGED from [com.android.support:design:27.1.0] AndroidManifest.xml:17:1-22:12
MERGED from [com.github.wix-playground:reflow-animator:1.0.4] AndroidManifest.xml:2:1-12:12
MERGED from [com.android.support:appcompat-v7:27.1.0] AndroidManifest.xml:17:1-22:12
MERGED from [:react-native-gesture-handler] AndroidManifest.xml:2:1-11:12
MERGED from [:react-native-maps] AndroidManifest.xml:2:1-12:12
MERGED from [com.google.android.gms:play-services-location:15.0.1] AndroidManifest.xml:2:1-9:12
MERGED from [com.google.android.gms:play-services-maps:15.0.1] AndroidManifest.xml:17:1-32:12
MERGED from [com.google.android.gms:play-services-base:16.0.1] AndroidManifest.xml:17:1-29:12
MERGED from [com.google.android.gms:play-services-places-placereport:15.0.1] AndroidManifest.xml:17:1-24:12
MERGED from [com.google.android.gms:play-services-tasks:16.0.1] AndroidManifest.xml:2:1-9:12
MERGED from [com.google.android.gms:play-services-basement:16.0.1] AndroidManifest.xml:17:1-28:12
MERGED from [com.android.support:support-v4:27.1.0] AndroidManifest.xml:17:1-22:12
MERGED from [com.android.support:support-fragment:27.1.0] AndroidManifest.xml:17:1-22:12
MERGED from [com.android.support:animated-vector-drawable:27.1.0] AndroidManifest.xml:17:1-22:12
MERGED from [com.android.support:recyclerview-v7:27.1.0] AndroidManifest.xml:17:1-22:12
MERGED from [com.android.support:support-core-ui:27.1.0] AndroidManifest.xml:17:1-22:12
MERGED from [com.android.support:support-core-utils:27.1.0] AndroidManifest.xml:17:1-22:12
MERGED from [com.android.support:support-vector-drawable:27.1.0] AndroidManifest.xml:17:1-22:12
MERGED from [com.android.support:transition:27.1.0] AndroidManifest.xml:17:1-22:12
MERGED from [com.android.support:support-media-compat:27.1.0] AndroidManifest.xml:17:1-22:12
MERGED from [com.android.support:support-compat:27.1.0] AndroidManifest.xml:17:1-22:12
MERGED from [com.facebook.fresco:fresco:1.10.0] AndroidManifest.xml:2:1-9:12
MERGED from [com.facebook.fresco:imagepipeline-okhttp3:1.10.0] AndroidManifest.xml:2:1-9:12
MERGED from [com.facebook.fresco:drawee:1.10.0] AndroidManifest.xml:2:1-9:12
MERGED from [com.facebook.fresco:imagepipeline:1.10.0] AndroidManifest.xml:2:1-9:12
MERGED from [com.facebook.fresco:imagepipeline-base:1.10.0] AndroidManifest.xml:2:1-9:12
MERGED from [com.facebook.soloader:soloader:0.6.0] AndroidManifest.xml:2:1-13:12
MERGED from [org.webkit:android-jsc:r174650] AndroidManifest.xml:1:1-3:12
MERGED from [com.github.clans:fab:1.6.4] AndroidManifest.xml:2:1-14:12
MERGED from [com.google.maps.android:android-maps-utils:0.5] AndroidManifest.xml:2:1-13:12
MERGED from [android.arch.lifecycle:livedata-core:1.1.0] AndroidManifest.xml:17:1-22:12
MERGED from [android.arch.lifecycle:viewmodel:1.1.0] AndroidManifest.xml:17:1-22:12
MERGED from [com.facebook.fresco:fbcore:1.10.0] AndroidManifest.xml:2:1-9:12
MERGED from [com.intentfilter:android-permissions:0.1.7] AndroidManifest.xml:2:1-18:12
MERGED from [com.github.tony19:logback-android:1.1.1-9] AndroidManifest.xml:2:1-11:12
MERGED from [android.arch.lifecycle:runtime:1.1.0] AndroidManifest.xml:17:1-22:12
MERGED from [android.arch.core:runtime:1.1.0] AndroidManifest.xml:17:1-22:12
MERGED from [com.github.tony19:apktool-lib:1.4.4-5] AndroidManifest.xml:2:1-11:12
INJECTED from src\main\AndroidManifest.xml:1:1-30:12
INJECTED from src\main\AndroidManifest.xml:1:1-30:12
INJECTED from src\main\AndroidManifest.xml:1:1-30:12
	package
		ADDED from src\main\AndroidManifest.xml:2:3-21
		INJECTED from src\main\AndroidManifest.xml
		INJECTED from src\main\AndroidManifest.xml
	android:versionName
		INJECTED from src\main\AndroidManifest.xml
		ADDED from src\main\AndroidManifest.xml:1:1-30:12
		INJECTED from src\main\AndroidManifest.xml
	android:versionCode
		INJECTED from src\main\AndroidManifest.xml
		ADDED from src\main\AndroidManifest.xml:1:1-30:12
		INJECTED from src\main\AndroidManifest.xml
	xmlns:android
		ADDED from src\main\AndroidManifest.xml:1:11-69
uses-permission#android.permission.INTERNET
ADDED from src\main\AndroidManifest.xml:4:5-67
MERGED from [:react-native-mauron85-background-geolocation] AndroidManifest.xml:30:5-67
MERGED from [:react-native-mauron85-background-geolocation] AndroidManifest.xml:30:5-67
MERGED from [:react-native-mauron85-background-geolocation-common] AndroidManifest.xml:28:5-67
MERGED from [:react-native-mauron85-background-geolocation-common] AndroidManifest.xml:28:5-67
MERGED from [:react-native-maps] AndroidManifest.xml:9:5-67
MERGED from [:react-native-maps] AndroidManifest.xml:9:5-67
MERGED from [com.google.android.gms:play-services-maps:15.0.1] AndroidManifest.xml:24:5-67
MERGED from [com.google.android.gms:play-services-maps:15.0.1] AndroidManifest.xml:24:5-67
	android:name
		ADDED from src\main\AndroidManifest.xml:4:22-64
uses-permission#android.permission.SYSTEM_ALERT_WINDOW
ADDED from src\main\AndroidManifest.xml:5:5-77
MERGED from [com.facebook.react:react-native:0.58.5] AndroidManifest.xml:11:5-78
MERGED from [com.facebook.react:react-native:0.58.5] AndroidManifest.xml:11:5-78
	android:name
		ADDED from src\main\AndroidManifest.xml:5:22-75
application
ADDED from src\main\AndroidManifest.xml:7:5-28:19
MERGED from [:react-native-navigation] AndroidManifest.xml:11:5-15:19
MERGED from [:react-native-navigation] AndroidManifest.xml:11:5-15:19
MERGED from [:react-native-mauron85-background-geolocation] AndroidManifest.xml:42:5-84:19
MERGED from [:react-native-mauron85-background-geolocation] AndroidManifest.xml:42:5-84:19
MERGED from [:react-native-mauron85-background-geolocation-common] AndroidManifest.xml:40:5-82:19
MERGED from [:react-native-mauron85-background-geolocation-common] AndroidManifest.xml:40:5-82:19
MERGED from [com.facebook.react:react-native:0.58.5] AndroidManifest.xml:13:5-20
MERGED from [com.facebook.react:react-native:0.58.5] AndroidManifest.xml:13:5-20
MERGED from [com.github.wix-playground:ahbottomnavigation:2.4.8] AndroidManifest.xml:11:5-20
MERGED from [com.github.wix-playground:ahbottomnavigation:2.4.8] AndroidManifest.xml:11:5-20
MERGED from [com.google.android.gms:play-services-location:15.0.1] AndroidManifest.xml:7:5-20
MERGED from [com.google.android.gms:play-services-location:15.0.1] AndroidManifest.xml:7:5-20
MERGED from [com.google.android.gms:play-services-maps:15.0.1] AndroidManifest.xml:30:5-20
MERGED from [com.google.android.gms:play-services-maps:15.0.1] AndroidManifest.xml:30:5-20
MERGED from [com.google.android.gms:play-services-base:16.0.1] AndroidManifest.xml:22:5-27:19
MERGED from [com.google.android.gms:play-services-base:16.0.1] AndroidManifest.xml:22:5-27:19
MERGED from [com.google.android.gms:play-services-places-placereport:15.0.1] AndroidManifest.xml:22:5-20
MERGED from [com.google.android.gms:play-services-places-placereport:15.0.1] AndroidManifest.xml:22:5-20
MERGED from [com.google.android.gms:play-services-tasks:16.0.1] AndroidManifest.xml:7:5-20
MERGED from [com.google.android.gms:play-services-tasks:16.0.1] AndroidManifest.xml:7:5-20
MERGED from [com.google.android.gms:play-services-basement:16.0.1] AndroidManifest.xml:22:5-26:19
MERGED from [com.google.android.gms:play-services-basement:16.0.1] AndroidManifest.xml:22:5-26:19
MERGED from [com.facebook.soloader:soloader:0.6.0] AndroidManifest.xml:11:5-20
MERGED from [com.facebook.soloader:soloader:0.6.0] AndroidManifest.xml:11:5-20
MERGED from [org.webkit:android-jsc:r174650] AndroidManifest.xml:2:3-17
MERGED from [org.webkit:android-jsc:r174650] AndroidManifest.xml:2:3-17
MERGED from [com.github.clans:fab:1.6.4] AndroidManifest.xml:12:5-20
MERGED from [com.github.clans:fab:1.6.4] AndroidManifest.xml:12:5-20
MERGED from [com.google.maps.android:android-maps-utils:0.5] AndroidManifest.xml:7:5-11:19
MERGED from [com.google.maps.android:android-maps-utils:0.5] AndroidManifest.xml:7:5-11:19
MERGED from [com.intentfilter:android-permissions:0.1.7] AndroidManifest.xml:11:5-16:19
MERGED from [com.intentfilter:android-permissions:0.1.7] AndroidManifest.xml:11:5-16:19
	android:label
		ADDED from src\main\AndroidManifest.xml:9:7-39
	android:roundIcon
		ADDED from src\main\AndroidManifest.xml:11:7-52
	android:icon
		ADDED from src\main\AndroidManifest.xml:10:7-41
	android:allowBackup
		ADDED from src\main\AndroidManifest.xml:12:7-34
	android:theme
		ADDED from src\main\AndroidManifest.xml:13:7-38
	android:name
		ADDED from src\main\AndroidManifest.xml:8:7-38
activity#com.task.MainActivity
ADDED from src\main\AndroidManifest.xml:14:7-23:18
	android:label
		ADDED from src\main\AndroidManifest.xml:16:9-41
	android:windowSoftInputMode
		ADDED from src\main\AndroidManifest.xml:18:9-51
	android:configChanges
		ADDED from src\main\AndroidManifest.xml:17:9-79
	android:name
		ADDED from src\main\AndroidManifest.xml:15:9-37
intent-filter#action:name:android.intent.action.MAIN+category:name:android.intent.category.LAUNCHER
ADDED from src\main\AndroidManifest.xml:19:9-22:25
action#android.intent.action.MAIN
ADDED from src\main\AndroidManifest.xml:20:13-65
	android:name
		ADDED from src\main\AndroidManifest.xml:20:21-62
category#android.intent.category.LAUNCHER
ADDED from src\main\AndroidManifest.xml:21:13-73
	android:name
		ADDED from src\main\AndroidManifest.xml:21:23-70
activity#com.facebook.react.devsupport.DevSettingsActivity
ADDED from src\main\AndroidManifest.xml:24:7-84
MERGED from [:react-native-navigation] AndroidManifest.xml:12:9-14:40
MERGED from [:react-native-navigation] AndroidManifest.xml:12:9-14:40
	android:exported
		ADDED from [:react-native-navigation] AndroidManifest.xml:14:13-37
	android:name
		ADDED from src\main\AndroidManifest.xml:24:17-81
meta-data#com.google.android.geo.API_KEY
ADDED from src\main\AndroidManifest.xml:25:8-27:63
	android:value
		ADDED from src\main\AndroidManifest.xml:27:6-61
	android:name
		ADDED from src\main\AndroidManifest.xml:26:6-51
uses-sdk
INJECTED from src\main\AndroidManifest.xml reason: use-sdk injection requested
INJECTED from src\main\AndroidManifest.xml
INJECTED from src\main\AndroidManifest.xml
MERGED from [com.android.support:multidex:1.0.3] AndroidManifest.xml:20:5-43
MERGED from [com.android.support:multidex:1.0.3] AndroidManifest.xml:20:5-43
MERGED from [:react-native-navigation] AndroidManifest.xml:7:5-9:41
MERGED from [:react-native-navigation] AndroidManifest.xml:7:5-9:41
MERGED from [:react-native-mauron85-background-geolocation] AndroidManifest.xml:25:5-27:41
MERGED from [:react-native-mauron85-background-geolocation] AndroidManifest.xml:25:5-27:41
MERGED from [:react-native-mauron85-background-geolocation-common] AndroidManifest.xml:25:5-44
MERGED from [:react-native-mauron85-background-geolocation-common] AndroidManifest.xml:25:5-44
MERGED from [:react-native-vector-icons] AndroidManifest.xml:7:5-9:41
MERGED from [:react-native-vector-icons] AndroidManifest.xml:7:5-9:41
MERGED from [:react-native-open-settings] AndroidManifest.xml:7:5-9:41
MERGED from [:react-native-open-settings] AndroidManifest.xml:7:5-9:41
MERGED from [com.facebook.react:react-native:0.58.5] AndroidManifest.xml:7:5-9:41
MERGED from [com.facebook.react:react-native:0.58.5] AndroidManifest.xml:7:5-9:41
MERGED from [com.github.wix-playground:ahbottomnavigation:2.4.8] AndroidManifest.xml:7:5-9:41
MERGED from [com.github.wix-playground:ahbottomnavigation:2.4.8] AndroidManifest.xml:7:5-9:41
MERGED from [com.android.support:design:27.1.0] AndroidManifest.xml:20:5-44
MERGED from [com.android.support:design:27.1.0] AndroidManifest.xml:20:5-44
MERGED from [com.github.wix-playground:reflow-animator:1.0.4] AndroidManifest.xml:8:5-10:41
MERGED from [com.github.wix-playground:reflow-animator:1.0.4] AndroidManifest.xml:8:5-10:41
MERGED from [com.android.support:appcompat-v7:27.1.0] AndroidManifest.xml:20:5-44
MERGED from [com.android.support:appcompat-v7:27.1.0] AndroidManifest.xml:20:5-44
MERGED from [:react-native-gesture-handler] AndroidManifest.xml:7:5-9:41
MERGED from [:react-native-gesture-handler] AndroidManifest.xml:7:5-9:41
MERGED from [:react-native-maps] AndroidManifest.xml:5:5-7:41
MERGED from [:react-native-maps] AndroidManifest.xml:5:5-7:41
MERGED from [com.google.android.gms:play-services-location:15.0.1] AndroidManifest.xml:5:5-44
MERGED from [com.google.android.gms:play-services-location:15.0.1] AndroidManifest.xml:5:5-44
MERGED from [com.google.android.gms:play-services-maps:15.0.1] AndroidManifest.xml:20:5-44
MERGED from [com.google.android.gms:play-services-maps:15.0.1] AndroidManifest.xml:20:5-44
MERGED from [com.google.android.gms:play-services-base:16.0.1] AndroidManifest.xml:20:5-44
MERGED from [com.google.android.gms:play-services-base:16.0.1] AndroidManifest.xml:20:5-44
MERGED from [com.google.android.gms:play-services-places-placereport:15.0.1] AndroidManifest.xml:20:5-44
MERGED from [com.google.android.gms:play-services-places-placereport:15.0.1] AndroidManifest.xml:20:5-44
MERGED from [com.google.android.gms:play-services-tasks:16.0.1] AndroidManifest.xml:5:5-44
MERGED from [com.google.android.gms:play-services-tasks:16.0.1] AndroidManifest.xml:5:5-44
MERGED from [com.google.android.gms:play-services-basement:16.0.1] AndroidManifest.xml:20:5-44
MERGED from [com.google.android.gms:play-services-basement:16.0.1] AndroidManifest.xml:20:5-44
MERGED from [com.android.support:support-v4:27.1.0] AndroidManifest.xml:20:5-44
MERGED from [com.android.support:support-v4:27.1.0] AndroidManifest.xml:20:5-44
MERGED from [com.android.support:support-fragment:27.1.0] AndroidManifest.xml:20:5-44
MERGED from [com.android.support:support-fragment:27.1.0] AndroidManifest.xml:20:5-44
MERGED from [com.android.support:animated-vector-drawable:27.1.0] AndroidManifest.xml:20:5-44
MERGED from [com.android.support:animated-vector-drawable:27.1.0] AndroidManifest.xml:20:5-44
MERGED from [com.android.support:recyclerview-v7:27.1.0] AndroidManifest.xml:20:5-44
MERGED from [com.android.support:recyclerview-v7:27.1.0] AndroidManifest.xml:20:5-44
MERGED from [com.android.support:support-core-ui:27.1.0] AndroidManifest.xml:20:5-44
MERGED from [com.android.support:support-core-ui:27.1.0] AndroidManifest.xml:20:5-44
MERGED from [com.android.support:support-core-utils:27.1.0] AndroidManifest.xml:20:5-44
MERGED from [com.android.support:support-core-utils:27.1.0] AndroidManifest.xml:20:5-44
MERGED from [com.android.support:support-vector-drawable:27.1.0] AndroidManifest.xml:20:5-44
MERGED from [com.android.support:support-vector-drawable:27.1.0] AndroidManifest.xml:20:5-44
MERGED from [com.android.support:transition:27.1.0] AndroidManifest.xml:20:5-44
MERGED from [com.android.support:transition:27.1.0] AndroidManifest.xml:20:5-44
MERGED from [com.android.support:support-media-compat:27.1.0] AndroidManifest.xml:20:5-44
MERGED from [com.android.support:support-media-compat:27.1.0] AndroidManifest.xml:20:5-44
MERGED from [com.android.support:support-compat:27.1.0] AndroidManifest.xml:20:5-44
MERGED from [com.android.support:support-compat:27.1.0] AndroidManifest.xml:20:5-44
MERGED from [com.facebook.fresco:fresco:1.10.0] AndroidManifest.xml:5:5-7:41
MERGED from [com.facebook.fresco:fresco:1.10.0] AndroidManifest.xml:5:5-7:41
MERGED from [com.facebook.fresco:imagepipeline-okhttp3:1.10.0] AndroidManifest.xml:5:5-7:41
MERGED from [com.facebook.fresco:imagepipeline-okhttp3:1.10.0] AndroidManifest.xml:5:5-7:41
MERGED from [com.facebook.fresco:drawee:1.10.0] AndroidManifest.xml:5:5-7:41
MERGED from [com.facebook.fresco:drawee:1.10.0] AndroidManifest.xml:5:5-7:41
MERGED from [com.facebook.fresco:imagepipeline:1.10.0] AndroidManifest.xml:5:5-7:41
MERGED from [com.facebook.fresco:imagepipeline:1.10.0] AndroidManifest.xml:5:5-7:41
MERGED from [com.facebook.fresco:imagepipeline-base:1.10.0] AndroidManifest.xml:5:5-7:41
MERGED from [com.facebook.fresco:imagepipeline-base:1.10.0] AndroidManifest.xml:5:5-7:41
MERGED from [com.facebook.soloader:soloader:0.6.0] AndroidManifest.xml:7:5-9:41
MERGED from [com.facebook.soloader:soloader:0.6.0] AndroidManifest.xml:7:5-9:41
MERGED from [com.github.clans:fab:1.6.4] AndroidManifest.xml:8:5-10:41
MERGED from [com.github.clans:fab:1.6.4] AndroidManifest.xml:8:5-10:41
MERGED from [com.google.maps.android:android-maps-utils:0.5] AndroidManifest.xml:5:5-43
MERGED from [com.google.maps.android:android-maps-utils:0.5] AndroidManifest.xml:5:5-43
MERGED from [android.arch.lifecycle:livedata-core:1.1.0] AndroidManifest.xml:20:5-44
MERGED from [android.arch.lifecycle:livedata-core:1.1.0] AndroidManifest.xml:20:5-44
MERGED from [android.arch.lifecycle:viewmodel:1.1.0] AndroidManifest.xml:20:5-44
MERGED from [android.arch.lifecycle:viewmodel:1.1.0] AndroidManifest.xml:20:5-44
MERGED from [com.facebook.fresco:fbcore:1.10.0] AndroidManifest.xml:5:5-7:41
MERGED from [com.facebook.fresco:fbcore:1.10.0] AndroidManifest.xml:5:5-7:41
MERGED from [com.intentfilter:android-permissions:0.1.7] AndroidManifest.xml:7:5-9:41
MERGED from [com.intentfilter:android-permissions:0.1.7] AndroidManifest.xml:7:5-9:41
MERGED from [com.github.tony19:logback-android:1.1.1-9] AndroidManifest.xml:7:5-9:41
MERGED from [com.github.tony19:logback-android:1.1.1-9] AndroidManifest.xml:7:5-9:41
MERGED from [android.arch.lifecycle:runtime:1.1.0] AndroidManifest.xml:20:5-44
MERGED from [android.arch.lifecycle:runtime:1.1.0] AndroidManifest.xml:20:5-44
MERGED from [android.arch.core:runtime:1.1.0] AndroidManifest.xml:20:5-44
MERGED from [android.arch.core:runtime:1.1.0] AndroidManifest.xml:20:5-44
MERGED from [com.github.tony19:apktool-lib:1.4.4-5] AndroidManifest.xml:7:5-9:41
MERGED from [com.github.tony19:apktool-lib:1.4.4-5] AndroidManifest.xml:7:5-9:41
INJECTED from src\main\AndroidManifest.xml
INJECTED from src\main\AndroidManifest.xml
	android:targetSdkVersion
		INJECTED from src\main\AndroidManifest.xml
		ADDED from src\main\AndroidManifest.xml
		INJECTED from src\main\AndroidManifest.xml
	android:minSdkVersion
		INJECTED from src\main\AndroidManifest.xml
		ADDED from src\main\AndroidManifest.xml
		INJECTED from src\main\AndroidManifest.xml
uses-permission#android.hardware.location
ADDED from [:react-native-mauron85-background-geolocation] AndroidManifest.xml:29:5-65
MERGED from [:react-native-mauron85-background-geolocation-common] AndroidManifest.xml:27:5-65
MERGED from [:react-native-mauron85-background-geolocation-common] AndroidManifest.xml:27:5-65
	android:name
		ADDED from [:react-native-mauron85-background-geolocation] AndroidManifest.xml:29:22-62
uses-permission#android.permission.WAKE_LOCK
ADDED from [:react-native-mauron85-background-geolocation] AndroidManifest.xml:31:5-68
MERGED from [:react-native-mauron85-background-geolocation-common] AndroidManifest.xml:29:5-68
MERGED from [:react-native-mauron85-background-geolocation-common] AndroidManifest.xml:29:5-68
	android:name
		ADDED from [:react-native-mauron85-background-geolocation] AndroidManifest.xml:31:22-65
uses-permission#android.permission.ACCESS_NETWORK_STATE
ADDED from [:react-native-mauron85-background-geolocation] AndroidManifest.xml:32:5-79
MERGED from [:react-native-mauron85-background-geolocation-common] AndroidManifest.xml:30:5-79
MERGED from [:react-native-mauron85-background-geolocation-common] AndroidManifest.xml:30:5-79
MERGED from [com.google.android.gms:play-services-maps:15.0.1] AndroidManifest.xml:23:5-79
MERGED from [com.google.android.gms:play-services-maps:15.0.1] AndroidManifest.xml:23:5-79
	android:name
		ADDED from [:react-native-mauron85-background-geolocation] AndroidManifest.xml:32:22-76
uses-permission#android.permission.ACCESS_COARSE_LOCATION
ADDED from [:react-native-mauron85-background-geolocation] AndroidManifest.xml:33:5-81
MERGED from [:react-native-mauron85-background-geolocation-common] AndroidManifest.xml:31:5-81
MERGED from [:react-native-mauron85-background-geolocation-common] AndroidManifest.xml:31:5-81
MERGED from [:react-native-maps] AndroidManifest.xml:10:5-81
MERGED from [:react-native-maps] AndroidManifest.xml:10:5-81
	android:name
		ADDED from [:react-native-mauron85-background-geolocation] AndroidManifest.xml:33:22-78
uses-permission#android.permission.ACCESS_FINE_LOCATION
ADDED from [:react-native-mauron85-background-geolocation] AndroidManifest.xml:34:5-79
MERGED from [:react-native-mauron85-background-geolocation-common] AndroidManifest.xml:32:5-79
MERGED from [:react-native-mauron85-background-geolocation-common] AndroidManifest.xml:32:5-79
	android:name
		ADDED from [:react-native-mauron85-background-geolocation] AndroidManifest.xml:34:22-76
uses-permission#android.permission.ACCESS_LOCATION_EXTRA_COMMANDS
ADDED from [:react-native-mauron85-background-geolocation] AndroidManifest.xml:35:5-89
MERGED from [:react-native-mauron85-background-geolocation-common] AndroidManifest.xml:33:5-89
MERGED from [:react-native-mauron85-background-geolocation-common] AndroidManifest.xml:33:5-89
	android:name
		ADDED from [:react-native-mauron85-background-geolocation] AndroidManifest.xml:35:22-86
uses-permission#com.google.android.gms.permission.ACTIVITY_RECOGNITION
ADDED from [:react-native-mauron85-background-geolocation] AndroidManifest.xml:36:5-94
MERGED from [:react-native-mauron85-background-geolocation-common] AndroidManifest.xml:34:5-94
MERGED from [:react-native-mauron85-background-geolocation-common] AndroidManifest.xml:34:5-94
	android:name
		ADDED from [:react-native-mauron85-background-geolocation] AndroidManifest.xml:36:22-91
uses-permission#android.permission.RECEIVE_BOOT_COMPLETED
ADDED from [:react-native-mauron85-background-geolocation] AndroidManifest.xml:37:5-81
MERGED from [:react-native-mauron85-background-geolocation-common] AndroidManifest.xml:35:5-81
MERGED from [:react-native-mauron85-background-geolocation-common] AndroidManifest.xml:35:5-81
	android:name
		ADDED from [:react-native-mauron85-background-geolocation] AndroidManifest.xml:37:22-78
uses-permission#android.permission.READ_SYNC_SETTINGS
ADDED from [:react-native-mauron85-background-geolocation] AndroidManifest.xml:38:5-77
MERGED from [:react-native-mauron85-background-geolocation-common] AndroidManifest.xml:36:5-77
MERGED from [:react-native-mauron85-background-geolocation-common] AndroidManifest.xml:36:5-77
	android:name
		ADDED from [:react-native-mauron85-background-geolocation] AndroidManifest.xml:38:22-74
uses-permission#android.permission.WRITE_SYNC_SETTINGS
ADDED from [:react-native-mauron85-background-geolocation] AndroidManifest.xml:39:5-78
MERGED from [:react-native-mauron85-background-geolocation-common] AndroidManifest.xml:37:5-78
MERGED from [:react-native-mauron85-background-geolocation-common] AndroidManifest.xml:37:5-78
	android:name
		ADDED from [:react-native-mauron85-background-geolocation] AndroidManifest.xml:39:22-75
uses-permission#android.permission.AUTHENTICATE_ACCOUNTS
ADDED from [:react-native-mauron85-background-geolocation] AndroidManifest.xml:40:5-80
MERGED from [:react-native-mauron85-background-geolocation-common] AndroidManifest.xml:38:5-80
MERGED from [:react-native-mauron85-background-geolocation-common] AndroidManifest.xml:38:5-80
	android:name
		ADDED from [:react-native-mauron85-background-geolocation] AndroidManifest.xml:40:22-77
service#com.marianhello.bgloc.sync.SyncService
ADDED from [:react-native-mauron85-background-geolocation] AndroidManifest.xml:43:9-54:19
MERGED from [:react-native-mauron85-background-geolocation-common] AndroidManifest.xml:41:9-52:19
MERGED from [:react-native-mauron85-background-geolocation-common] AndroidManifest.xml:41:9-52:19
	android:process
		ADDED from [:react-native-mauron85-background-geolocation] AndroidManifest.xml:46:13-36
	android:exported
		ADDED from [:react-native-mauron85-background-geolocation] AndroidManifest.xml:45:13-36
	android:name
		ADDED from [:react-native-mauron85-background-geolocation] AndroidManifest.xml:44:13-66
intent-filter#action:name:android.content.SyncAdapter
ADDED from [:react-native-mauron85-background-geolocation] AndroidManifest.xml:47:13-49:29
action#android.content.SyncAdapter
ADDED from [:react-native-mauron85-background-geolocation] AndroidManifest.xml:48:17-70
	android:name
		ADDED from [:react-native-mauron85-background-geolocation] AndroidManifest.xml:48:25-67
meta-data#android.content.SyncAdapter
ADDED from [:react-native-mauron85-background-geolocation] AndroidManifest.xml:51:13-53:55
MERGED from [:react-native-mauron85-background-geolocation-common] AndroidManifest.xml:49:13-51:55
MERGED from [:react-native-mauron85-background-geolocation-common] AndroidManifest.xml:49:13-51:55
	android:resource
		ADDED from [:react-native-mauron85-background-geolocation] AndroidManifest.xml:53:17-52
	android:name
		ADDED from [:react-native-mauron85-background-geolocation] AndroidManifest.xml:52:17-59
service#com.marianhello.bgloc.sync.AuthenticatorService
ADDED from [:react-native-mauron85-background-geolocation] AndroidManifest.xml:55:9-63:19
MERGED from [:react-native-mauron85-background-geolocation-common] AndroidManifest.xml:53:9-61:19
MERGED from [:react-native-mauron85-background-geolocation-common] AndroidManifest.xml:53:9-61:19
	android:name
		ADDED from [:react-native-mauron85-background-geolocation] AndroidManifest.xml:55:18-80
intent-filter#action:name:android.accounts.AccountAuthenticator
ADDED from [:react-native-mauron85-background-geolocation] AndroidManifest.xml:56:13-58:29
action#android.accounts.AccountAuthenticator
ADDED from [:react-native-mauron85-background-geolocation] AndroidManifest.xml:57:17-80
	android:name
		ADDED from [:react-native-mauron85-background-geolocation] AndroidManifest.xml:57:25-77
meta-data#android.accounts.AccountAuthenticator
ADDED from [:react-native-mauron85-background-geolocation] AndroidManifest.xml:60:13-62:57
MERGED from [:react-native-mauron85-background-geolocation-common] AndroidManifest.xml:58:13-60:57
MERGED from [:react-native-mauron85-background-geolocation-common] AndroidManifest.xml:58:13-60:57
	android:resource
		ADDED from [:react-native-mauron85-background-geolocation] AndroidManifest.xml:62:17-54
	android:name
		ADDED from [:react-native-mauron85-background-geolocation] AndroidManifest.xml:61:17-69
provider#com.marianhello.bgloc.data.provider.LocationContentProvider
ADDED from [:react-native-mauron85-background-geolocation] AndroidManifest.xml:65:9-69:39
MERGED from [:react-native-mauron85-background-geolocation-common] AndroidManifest.xml:63:9-67:39
MERGED from [:react-native-mauron85-background-geolocation-common] AndroidManifest.xml:63:9-67:39
	android:authorities
		ADDED from [:react-native-mauron85-background-geolocation] AndroidManifest.xml:67:13-75
	android:syncable
		ADDED from [:react-native-mauron85-background-geolocation] AndroidManifest.xml:69:13-36
	android:exported
		ADDED from [:react-native-mauron85-background-geolocation] AndroidManifest.xml:68:13-37
	android:name
		ADDED from [:react-native-mauron85-background-geolocation] AndroidManifest.xml:66:13-87
service#com.marianhello.bgloc.LocationServiceImpl
ADDED from [:react-native-mauron85-background-geolocation] AndroidManifest.xml:71:9-74:40
	android:enabled
		ADDED from [:react-native-mauron85-background-geolocation] AndroidManifest.xml:73:13-35
	android:exported
		ADDED from [:react-native-mauron85-background-geolocation] AndroidManifest.xml:74:13-37
	android:name
		ADDED from [:react-native-mauron85-background-geolocation] AndroidManifest.xml:72:13-69
receiver#com.marianhello.bgloc.BootCompletedReceiver
ADDED from [:react-native-mauron85-background-geolocation] AndroidManifest.xml:76:9-83:20
MERGED from [:react-native-mauron85-background-geolocation-common] AndroidManifest.xml:74:9-81:20
MERGED from [:react-native-mauron85-background-geolocation-common] AndroidManifest.xml:74:9-81:20
	android:enabled
		ADDED from [:react-native-mauron85-background-geolocation] AndroidManifest.xml:78:13-35
	android:exported
		ADDED from [:react-native-mauron85-background-geolocation] AndroidManifest.xml:79:13-36
	android:name
		ADDED from [:react-native-mauron85-background-geolocation] AndroidManifest.xml:77:13-71
intent-filter#action:name:android.intent.action.BOOT_COMPLETED
ADDED from [:react-native-mauron85-background-geolocation] AndroidManifest.xml:80:13-82:29
action#android.intent.action.BOOT_COMPLETED
ADDED from [:react-native-mauron85-background-geolocation] AndroidManifest.xml:81:17-79
	android:name
		ADDED from [:react-native-mauron85-background-geolocation] AndroidManifest.xml:81:25-76
service#com.marianhello.bgloc.service.LocationServiceImpl
ADDED from [:react-native-mauron85-background-geolocation-common] AndroidManifest.xml:69:9-72:40
	android:enabled
		ADDED from [:react-native-mauron85-background-geolocation-common] AndroidManifest.xml:71:13-35
	android:exported
		ADDED from [:react-native-mauron85-background-geolocation-common] AndroidManifest.xml:72:13-37
	android:name
		ADDED from [:react-native-mauron85-background-geolocation-common] AndroidManifest.xml:70:13-77
uses-feature#0x00020000
ADDED from [com.google.android.gms:play-services-maps:15.0.1] AndroidManifest.xml:26:5-28:35
	android:glEsVersion
		ADDED from [com.google.android.gms:play-services-maps:15.0.1] AndroidManifest.xml:27:9-41
	android:required